<?xml version="1.0" encoding="UTF-8"?>
<!-- Generated by org.testng.reporters.JUnitReportReporter -->
<testsuite skipped="0" hostname="navdeeps-MBP.lan" name="qaclickacademy.AppiumTest" tests="2" failures="0" timestamp="2020-03-28T07:19:29 NZDT" time="0.002" errors="0">
  <testcase name="MobileTest" time="0.001" classname="qaclickacademy.AppiumTest"/>
  <system-out/>
  <testcase name="SanityTest" time="0.001" classname="qaclickacademy.AppiumTest"/>
  <system-out/>
</testsuite> <!-- qaclickacademy.AppiumTest -->
