<?xml version="1.0" encoding="UTF-8"?>
<!-- Generated by org.testng.reporters.JUnitReportReporter -->
<testsuite skipped="0" hostname="navdeeps-MBP.lan" name="qaclickacademy.APITest" tests="2" failures="0" timestamp="2020-03-28T07:19:29 NZDT" time="0.004" errors="0">
  <testcase name="PostJira" time="0.004" classname="qaclickacademy.APITest"/>
  <system-out/>
  <testcase name="UIdeleteTwitter" time="0.000" classname="qaclickacademy.APITest"/>
  <system-out/>
</testsuite> <!-- qaclickacademy.APITest -->
