<?xml version="1.0" encoding="UTF-8"?>
<!-- Generated by org.testng.reporters.JUnitReportReporter -->
<testsuite skipped="0" hostname="navdeeps-MBP.lan" name="qaclickacademy.SeleniumTest" tests="1" failures="0" timestamp="2020-03-28T07:17:03 NZDT" time="0.000" errors="0">
  <testcase name="UIAutomation" time="0.000" classname="qaclickacademy.SeleniumTest"/>
  <system-out/>
</testsuite> <!-- qaclickacademy.SeleniumTest -->
